<?xml version="1.0" encoding="UTF-8"?>
<!-- Generated by org.testng.reporters.JUnitXMLReporter -->
<testsuite ignored="0" hostname="DESKTOP-PQAQEE1" failures="0" tests="1" name="Default test" time="37.739" errors="0" timestamp="01 Oct 2022 09:59:58 GMT">
  <testcase classname="tests.bookAppointmentTests" name="@BeforeTest setup" time="37.617">
    <failure type="com.microsoft.playwright.TimeoutError" message="Error {
  message=&amp;apos;Timeout 30000ms exceeded.
=========================== logs ===========================
navigating to &amp;quot;https://staging.indigoemr.com/login&amp;quot;, waiting until &amp;quot;load&amp;quot;
============================================================
  name=&amp;apos;TimeoutError
  stack=&amp;apos;TimeoutError: Timeout 30000ms exceeded.
=========================== logs ===========================
navigating to &amp;quot;https://staging.indigoemr.com/login&amp;quot;, waiting until &amp;quot;load&amp;quot;
============================================================
    at ProgressController.run (C:\Users\hp\AppData\Local\Temp\playwright-java-9181134591307933979\package\lib\server\progress.js:96:26)
    at Frame.goto (C:\Users\hp\AppData\Local\Temp\playwright-java-9181134591307933979\package\lib\server\frames.js:709:23)
    at FrameDispatcher.goto (C:\Users\hp\AppData\Local\Temp\playwright-java-9181134591307933979\package\lib\server\dispatchers\frameDispatcher.js:87:77)
    at DispatcherConnection.dispatch (C:\Users\hp\AppData\Local\Temp\playwright-java-9181134591307933979\package\lib\server\dispatchers\dispatcher.js:397:46)
}">
      <![CDATA[com.microsoft.playwright.TimeoutError: Error {
  message='Timeout 30000ms exceeded.
=========================== logs ===========================
navigating to "https://staging.indigoemr.com/login", waiting until "load"
============================================================
  name='TimeoutError
  stack='TimeoutError: Timeout 30000ms exceeded.
=========================== logs ===========================
navigating to "https://staging.indigoemr.com/login", waiting until "load"
============================================================
    at ProgressController.run (C:\Users\hp\AppData\Local\Temp\playwright-java-9181134591307933979\package\lib\server\progress.js:96:26)
    at Frame.goto (C:\Users\hp\AppData\Local\Temp\playwright-java-9181134591307933979\package\lib\server\frames.js:709:23)
    at FrameDispatcher.goto (C:\Users\hp\AppData\Local\Temp\playwright-java-9181134591307933979\package\lib\server\dispatchers\frameDispatcher.js:87:77)
    at DispatcherConnection.dispatch (C:\Users\hp\AppData\Local\Temp\playwright-java-9181134591307933979\package\lib\server\dispatchers\dispatcher.js:397:46)
}
at com.microsoft.playwright.impl.WaitableResult.get(WaitableResult.java:52)
at com.microsoft.playwright.impl.ChannelOwner.runUntil(ChannelOwner.java:109)
at com.microsoft.playwright.impl.Connection.sendMessage(Connection.java:108)
at com.microsoft.playwright.impl.ChannelOwner.sendMessage(ChannelOwner.java:100)
at com.microsoft.playwright.impl.FrameImpl.navigateImpl(FrameImpl.java:401)
at com.microsoft.playwright.impl.PageImpl.lambda$navigate$32(PageImpl.java:800)
at com.microsoft.playwright.impl.LoggingSupport.withLogging(LoggingSupport.java:47)
at com.microsoft.playwright.impl.ChannelOwner.withLogging(ChannelOwner.java:85)
at com.microsoft.playwright.impl.PageImpl.navigate(PageImpl.java:800)
at com.microsoft.playwright.impl.PageImpl.navigate(PageImpl.java:41)
at com.microsoft.playwright.Page.navigate(Page.java:4309)
at tests.bookAppointmentTests.setup(bookAppointmentTests.java:33)
at java.base/jdk.internal.reflect.DirectMethodHandleAccessor.invoke(DirectMethodHandleAccessor.java:104)
at java.base/java.lang.reflect.Method.invoke(Method.java:577)
at org.testng.internal.MethodInvocationHelper.invokeMethod(MethodInvocationHelper.java:124)
at org.testng.internal.MethodInvocationHelper.invokeMethodConsideringTimeout(MethodInvocationHelper.java:59)
at org.testng.internal.Invoker.invokeConfigurationMethod(Invoker.java:458)
at org.testng.internal.Invoker.invokeConfigurations(Invoker.java:222)
at org.testng.internal.Invoker.invokeConfigurations(Invoker.java:142)
at org.testng.TestRunner.beforeRun(TestRunner.java:529)
at org.testng.TestRunner.run(TestRunner.java:497)
at org.testng.SuiteRunner.runTest(SuiteRunner.java:455)
at org.testng.SuiteRunner.runSequentially(SuiteRunner.java:450)
at org.testng.SuiteRunner.privateRun(SuiteRunner.java:415)
at org.testng.SuiteRunner.run(SuiteRunner.java:364)
at org.testng.SuiteRunnerWorker.runSuite(SuiteRunnerWorker.java:52)
at org.testng.SuiteRunnerWorker.run(SuiteRunnerWorker.java:84)
at org.testng.TestNG.runSuitesSequentially(TestNG.java:1208)
at org.testng.TestNG.runSuitesLocally(TestNG.java:1137)
at org.testng.TestNG.runSuites(TestNG.java:1049)
at org.testng.TestNG.run(TestNG.java:1017)
at org.testng.remote.AbstractRemoteTestNG.run(AbstractRemoteTestNG.java:115)
at org.testng.remote.RemoteTestNG.initAndRun(RemoteTestNG.java:251)
at org.testng.remote.RemoteTestNG.main(RemoteTestNG.java:77)
Caused by: com.microsoft.playwright.TimeoutError: Error {
  message='Timeout 30000ms exceeded.
=========================== logs ===========================
navigating to "https://staging.indigoemr.com/login", waiting until "load"
============================================================
  name='TimeoutError
  stack='TimeoutError: Timeout 30000ms exceeded.
=========================== logs ===========================
navigating to "https://staging.indigoemr.com/login", waiting until "load"
============================================================
    at ProgressController.run (C:\Users\hp\AppData\Local\Temp\playwright-java-9181134591307933979\package\lib\server\progress.js:96:26)
    at Frame.goto (C:\Users\hp\AppData\Local\Temp\playwright-java-9181134591307933979\package\lib\server\frames.js:709:23)
    at FrameDispatcher.goto (C:\Users\hp\AppData\Local\Temp\playwright-java-9181134591307933979\package\lib\server\dispatchers\frameDispatcher.js:87:77)
    at DispatcherConnection.dispatch (C:\Users\hp\AppData\Local\Temp\playwright-java-9181134591307933979\package\lib\server\dispatchers\dispatcher.js:397:46)
}
at com.microsoft.playwright.impl.Connection.dispatch(Connection.java:188)
at com.microsoft.playwright.impl.Connection.processOneMessage(Connection.java:170)
at com.microsoft.playwright.impl.ChannelOwner.runUntil(ChannelOwner.java:107)
... 32 more
]]>
    </failure>
  </testcase> <!-- @BeforeTest setup -->
  <testcase classname="tests.bookAppointmentTests" name="bookAppointmentWithValidInfo" time="0.0">
    <skipped/>
  </testcase> <!-- bookAppointmentWithValidInfo -->
</testsuite> <!-- Default test -->
